<?xml version="1.0" encoding="UTF-8"?>
<!-- Generated by org.testng.reporters.JUnitReportReporter -->
<testsuite hostname="SUCCESS" name="session5.IFrameCount" tests="1" failures="0" timestamp="23 Apr 2018 02:44:42 GMT" time="20.458" errors="0">
  <testcase name="frameCount" time="20.458" classname="session5.IFrameCount"/>
</testsuite> <!-- session5.IFrameCount -->
