<?xml version="1.0" encoding="UTF-8"?>
<!-- Generated by org.testng.reporters.JUnitReportReporter -->
<testsuite hostname="SUCCESS" name="session9.TestCase1" tests="1" failures="0" timestamp="3 May 2018 03:08:30 GMT" time="38.789" errors="0">
  <testcase name="testCase1" time="38.789" classname="session9.TestCase1"/>
</testsuite> <!-- session9.TestCase1 -->
