<?xml version="1.0" encoding="UTF-8"?>
<!-- Generated by org.testng.reporters.JUnitReportReporter -->
<testsuite hostname="SUCCESS" name="session9.ReadExcel" tests="1" failures="0" timestamp="3 May 2018 02:43:13 GMT" time="3.258" errors="0">
  <testcase name="readExcel" time="3.258" classname="session9.ReadExcel"/>
</testsuite> <!-- session9.ReadExcel -->
