<?xml version="1.0" encoding="UTF-8"?>
<!-- Generated by org.testng.reporters.JUnitReportReporter -->
<testsuite hostname="SUCCESS" name="session5.Xpath" tests="1" failures="0" timestamp="23 Apr 2018 02:39:45 GMT" time="18.026" errors="0">
  <testcase name="xpathExample" time="18.026" classname="session5.Xpath"/>
</testsuite> <!-- session5.Xpath -->
