<?xml version="1.0" encoding="UTF-8"?>
<!-- Generated by org.testng.reporters.JUnitReportReporter -->
<testsuite hostname="SUCCESS" name="session4.SnapShot" tests="1" failures="0" timestamp="21 Apr 2018 02:41:36 GMT" time="23.230" errors="0">
  <testcase name="snap" time="23.230" classname="session4.SnapShot"/>
</testsuite> <!-- session4.SnapShot -->
