<?xml version="1.0" encoding="UTF-8"?>
<!-- Generated by org.testng.reporters.JUnitReportReporter -->
<testsuite hostname="SUCCESS" name="session8.TestNGGroupingDependency" tests="6" failures="0" timestamp="28 Apr 2018 01:07:06 GMT" time="87.586" errors="0">
  <testcase name="m5" time="10.007" classname="session8.TestNGGroupingDependency"/>
  <testcase name="m2" time="9.434" classname="session8.TestNGGroupingDependency"/>
  <testcase name="m6" time="10.274" classname="session8.TestNGGroupingDependency"/>
  <testcase name="m1" time="37.085" classname="session8.TestNGGroupingDependency"/>
  <testcase name="m3" time="10.131" classname="session8.TestNGGroupingDependency"/>
  <testcase name="m4" time="10.655" classname="session8.TestNGGroupingDependency"/>
</testsuite> <!-- session8.TestNGGroupingDependency -->
