<?xml version="1.0" encoding="UTF-8"?>
<!-- Generated by org.testng.reporters.JUnitReportReporter -->
<testsuite hostname="SUCCESS" name="session8.ParameterTestCase1" tests="1" failures="0" timestamp="28 Apr 2018 01:36:03 GMT" time="37.604" errors="0">
  <testcase name="testCase1" time="37.604" classname="session8.ParameterTestCase1"/>
</testsuite> <!-- session8.ParameterTestCase1 -->
