<?xml version="1.0" encoding="UTF-8"?>
<!-- Generated by org.testng.reporters.JUnitReportReporter -->
<testsuite hostname="SUCCESS" name="session4.ExtendofAbstractClass" tests="1" failures="0" timestamp="21 Apr 2018 01:44:25 GMT" time="0.042" errors="0">
  <testcase name="run" time="0.042" classname="session4.ExtendofAbstractClass"/>
</testsuite> <!-- session4.ExtendofAbstractClass -->
