<?xml version="1.0" encoding="UTF-8"?>
<!-- Generated by org.testng.reporters.JUnitReportReporter -->
<testsuite hostname="SUCCESS" name="session8.ParallelRun" tests="2" failures="0" timestamp="28 Apr 2018 02:15:02 GMT" time="25.401" errors="0">
  <testcase name="test2" time="10.437" classname="session8.ParallelRun"/>
  <testcase name="test1" time="14.964" classname="session8.ParallelRun"/>
</testsuite> <!-- session8.ParallelRun -->
