<?xml version="1.0" encoding="UTF-8"?>
<!-- Generated by org.testng.reporters.JUnitReportReporter -->
<testsuite hostname="SUCCESS" name="session4.OverridingSubClassPerson" tests="2" failures="0" timestamp="21 Apr 2018 01:46:08 GMT" time="0.038" errors="0">
  <testcase name="speak" time="0.033" classname="session4.OverridingSubClassPerson"/>
  <testcase name="walk" time="0.005" classname="session4.OverridingSubClassPerson"/>
</testsuite> <!-- session4.OverridingSubClassPerson -->
