<?xml version="1.0" encoding="UTF-8"?>
<!-- Generated by org.testng.reporters.JUnitReportReporter -->
<testsuite hostname="SUCCESS" name="session8.TestNGIncExc" tests="4" failures="0" timestamp="28 Apr 2018 01:19:35 GMT" time="0.035" errors="0">
  <testcase name="m2" time="0.001" classname="session8.TestNGIncExc"/>
  <testcase name="m4" time="0.004" classname="session8.TestNGIncExc"/>
  <testcase name="m1" time="0.028" classname="session8.TestNGIncExc"/>
  <testcase name="m3" time="0.002" classname="session8.TestNGIncExc"/>
</testsuite> <!-- session8.TestNGIncExc -->
