<?xml version="1.0" encoding="UTF-8"?>
<!-- Generated by org.testng.reporters.JUnitReportReporter -->
<testsuite hostname="SUCCESS" name="session6.TestCase3" tests="1" failures="0" timestamp="3 May 2018 08:47:04 GMT" time="52.495" errors="0">
  <testcase name="testCase3" time="52.495" classname="session6.TestCase3"/>
</testsuite> <!-- session6.TestCase3 -->
