<?xml version="1.0" encoding="UTF-8"?>
<!-- Generated by org.testng.reporters.JUnitReportReporter -->
<testsuite hostname="SUCCESS" name="session7.Annotations" tests="2" failures="0" timestamp="27 Apr 2018 01:34:33 GMT" time="0.020" errors="0">
  <testcase name="test1" time="0.005" classname="session7.Annotations"/>
  <testcase name="test" time="0.015" classname="session7.Annotations"/>
</testsuite> <!-- session7.Annotations -->
