<?xml version="1.0" encoding="UTF-8"?>
<!-- Generated by org.testng.reporters.JUnitReportReporter -->
<testsuite hostname="SUCCESS" name="session6.TestCase1" tests="1" failures="0" timestamp="24 Apr 2018 01:50:44 GMT" time="32.203" errors="0">
  <testcase name="testCase1" time="32.203" classname="session6.TestCase1"/>
</testsuite> <!-- session6.TestCase1 -->
