<?xml version="1.0" encoding="UTF-8"?>
<!-- Generated by org.testng.reporters.JUnitReportReporter -->
<testsuite hostname="SUCCESS" name="session4.ClassAImplementsInterfaceA" tests="1" failures="0" timestamp="21 Apr 2018 02:06:09 GMT" time="0.029" errors="0">
  <testcase name="run" time="0.029" classname="session4.ClassAImplementsInterfaceA"/>
</testsuite> <!-- session4.ClassAImplementsInterfaceA -->
